<?xml version="1.0" encoding="UTF-8"?>
<coverage generated="1713435123176" clover="3.2.0">
  <project timestamp="1713435123177" name="All files">
    <metrics statements="11" coveredstatements="10" conditionals="12" coveredconditionals="11" methods="1" coveredmethods="1" elements="24" coveredelements="22" complexity="0" loc="11" ncloc="11" packages="1" files="1" classes="1"/>
    <file name="function.js" path="D:\IUT-Files\Software Testing\Lab 8\getting_started_with_jest\function.js">
      <metrics statements="11" coveredstatements="10" conditionals="12" coveredconditionals="11" methods="1" coveredmethods="1"/>
      <line num="2" count="17" type="cond" truecount="8" falsecount="0"/>
      <line num="3" count="5" type="stmt"/>
      <line num="4" count="5" type="stmt"/>
      <line num="6" count="5" type="cond" truecount="2" falsecount="0"/>
      <line num="7" count="1" type="stmt"/>
      <line num="8" count="4" type="cond" truecount="1" falsecount="1"/>
      <line num="9" count="0" type="stmt"/>
      <line num="11" count="4" type="stmt"/>
      <line num="14" count="5" type="stmt"/>
      <line num="16" count="12" type="stmt"/>
      <line num="20" count="3" type="stmt"/>
    </file>
  </project>
</coverage>
