{"D:\\IUT-Files\\Software Testing\\Lab 8\\getting_started_with_jest\\function.js": {"path":"D:\\IUT-Files\\Software Testing\\Lab 8\\getting_started_with_jest\\function.js","statementMap":{"0":{"start":{"line":2,"column":4},"end":{"line":17,"column":5}},"1":{"start":{"line":3,"column":20},"end":{"line":3,"column":62}},"2":{"start":{"line":4,"column":25},"end":{"line":4,"column":26}},"3":{"start":{"line":6,"column":8},"end":{"line":12,"column":9}},"4":{"start":{"line":7,"column":12},"end":{"line":7,"column":37}},"5":{"start":{"line":8,"column":15},"end":{"line":12,"column":9}},"6":{"start":{"line":9,"column":12},"end":{"line":9,"column":60}},"7":{"start":{"line":11,"column":12},"end":{"line":11,"column":72}},"8":{"start":{"line":14,"column":8},"end":{"line":14,"column":25}},"9":{"start":{"line":16,"column":8},"end":{"line":16,"column":31}},"10":{"start":{"line":20,"column":0},"end":{"line":20,"column":37}}},"fnMap":{"0":{"name":"calculateCommission","decl":{"start":{"line":1,"column":9},"end":{"line":1,"column":28}},"loc":{"start":{"line":1,"column":50},"end":{"line":18,"column":1}},"line":1}},"branchMap":{"0":{"loc":{"start":{"line":2,"column":4},"end":{"line":17,"column":5}},"type":"if","locations":[{"start":{"line":2,"column":4},"end":{"line":17,"column":5}},{"start":{"line":15,"column":10},"end":{"line":17,"column":5}}],"line":2},"1":{"loc":{"start":{"line":2,"column":7},"end":{"line":2,"column":87}},"type":"binary-expr","locations":[{"start":{"line":2,"column":7},"end":{"line":2,"column":17}},{"start":{"line":2,"column":21},"end":{"line":2,"column":29}},{"start":{"line":2,"column":33},"end":{"line":2,"column":44}},{"start":{"line":2,"column":48},"end":{"line":2,"column":57}},{"start":{"line":2,"column":61},"end":{"line":2,"column":73}},{"start":{"line":2,"column":77},"end":{"line":2,"column":87}}],"line":2},"2":{"loc":{"start":{"line":6,"column":8},"end":{"line":12,"column":9}},"type":"if","locations":[{"start":{"line":6,"column":8},"end":{"line":12,"column":9}},{"start":{"line":8,"column":15},"end":{"line":12,"column":9}}],"line":6},"3":{"loc":{"start":{"line":8,"column":15},"end":{"line":12,"column":9}},"type":"if","locations":[{"start":{"line":8,"column":15},"end":{"line":12,"column":9}},{"start":{"line":10,"column":15},"end":{"line":12,"column":9}}],"line":8}},"s":{"0":17,"1":5,"2":5,"3":5,"4":1,"5":4,"6":0,"7":4,"8":5,"9":12,"10":3},"f":{"0":17},"b":{"0":[5,12],"1":[17,15,12,10,8,6],"2":[1,4],"3":[0,4]},"_coverageSchema":"1a1c01bbd47fc00a2c39e90264f33305004495a9","hash":"15b3f867adc041d523cecfee302617212324de98"}
}
